<?xml version="1.0" encoding="UTF-8"?>
<testng-results ignored="0" total="1" passed="1" failed="0" skipped="0">
  <reporter-output>
  </reporter-output>
  <suite started-at="2024-03-09T19:01:42 EET" name="Default suite" finished-at="2024-03-09T19:01:43 EET" duration-ms="1337">
    <groups>
    </groups>
    <test started-at="2024-03-09T19:01:42 EET" name="Default test" finished-at="2024-03-09T19:01:43 EET" duration-ms="1337">
      <class name="JaveClassPackage.JavaClass">
        <test-method is-config="true" signature="myBeforeTest()[pri:0, instance:JaveClassPackage.JavaClass@2002348]" started-at="2024-03-09T19:01:42 EET" name="myBeforeTest" finished-at="2024-03-09T19:01:43 EET" duration-ms="941" status="PASS">
          <reporter-output>
          </reporter-output>
        </test-method> <!-- myBeforeTest -->
        <test-method signature="login()[pri:0, instance:JaveClassPackage.JavaClass@2002348]" started-at="2024-03-09T19:01:43 EET" name="login" finished-at="2024-03-09T19:01:43 EET" duration-ms="374" status="PASS">
          <reporter-output>
          </reporter-output>
        </test-method> <!-- login -->
      </class> <!-- JaveClassPackage.JavaClass -->
    </test> <!-- Default test -->
  </suite> <!-- Default suite -->
</testng-results>
